<?xml version="1.0" encoding="UTF-8"?>
<!-- Generated by org.testng.reporters.JUnitXMLReporter -->
<testsuite ignored="0" hostname="Mike" failures="0" tests="4" name="Test" time="30.292" errors="0" timestamp="2023-12-09T18:34:50 EST">
  <testcase classname="com.Framework.RegisterTest" name="registerTest" time="1.328"/>
  <testcase classname="com.Framework.SearchTest" name="searchAndVerify" time="0.671"/>
  <testcase classname="com.Framework.LogInTest" name="LogInWithValidCredentials" time="0.992"/>
  <testcase classname="com.Framework.AddToCartTest" name="productInCartVerifcation" time="2.136"/>
</testsuite> <!-- Test -->
