<?xml version="1.0" encoding="UTF-8"?>
<!-- Generated by org.testng.reporters.JUnitXMLReporter -->
<testsuite ignored="0" hostname="Mike" failures="0" tests="3" name="Default test" time="15.427" errors="0" timestamp="2023-11-29T17:10:48 EST">
  <testcase classname="com.Level3Framework3.ThreeSeleniumQuestions" name="navigateToWebsiteVerifyTitle" time="0.007"/>
  <testcase classname="com.Level3Framework3.ThreeSeleniumQuestions" name="loginWithValidCredentialsAndVerify" time="1.905"/>
  <testcase classname="com.Level3Framework3.ThreeSeleniumQuestions" name="navigateToWebSiteNavigateToDiffrentPageAndVerify" time="0.518"/>
</testsuite> <!-- Default test -->
