<?xml version="1.0" encoding="UTF-8"?>
<testng-results ignored="0" total="1" passed="1" failed="0" skipped="0">
  <reporter-output>
  </reporter-output>
  <suite started-at="2023-12-08T18:22:13 EST" name="Default suite" finished-at="2023-12-08T18:22:20 EST" duration-ms="7542">
    <groups>
    </groups>
    <test started-at="2023-12-08T18:22:13 EST" name="Default test" finished-at="2023-12-08T18:22:20 EST" duration-ms="7542">
      <class name="com.Level1Framework.SearchTest">
        <test-method is-config="true" signature="preSearch()[pri:0, instance:com.Level1Framework.SearchTest@2a265ea9]" started-at="2023-12-08T18:22:13 EST" name="preSearch" finished-at="2023-12-08T18:22:17 EST" duration-ms="4695" status="PASS">
          <reporter-output>
          </reporter-output>
        </test-method> <!-- preSearch -->
        <test-method signature="searchAndVerify()[pri:1, instance:com.Level1Framework.SearchTest@2a265ea9]" started-at="2023-12-08T18:22:17 EST" name="searchAndVerify" finished-at="2023-12-08T18:22:18 EST" duration-ms="680" status="PASS">
          <reporter-output>
          </reporter-output>
        </test-method> <!-- searchAndVerify -->
        <test-method is-config="true" signature="tearDown()[pri:0, instance:com.Level1Framework.SearchTest@2a265ea9]" started-at="2023-12-08T18:22:18 EST" name="tearDown" finished-at="2023-12-08T18:22:20 EST" duration-ms="2144" status="PASS">
          <reporter-output>
          </reporter-output>
        </test-method> <!-- tearDown -->
      </class> <!-- com.Level1Framework.SearchTest -->
    </test> <!-- Default test -->
  </suite> <!-- Default suite -->
</testng-results>
