<?xml version="1.0" encoding="UTF-8"?>
<testng-results ignored="0" total="3" passed="3" failed="0" skipped="0">
  <reporter-output>
  </reporter-output>
  <suite started-at="2023-11-29T17:10:33 EST" name="Default suite" finished-at="2023-11-29T17:10:48 EST" duration-ms="15427">
    <groups>
    </groups>
    <test started-at="2023-11-29T17:10:33 EST" name="Default test" finished-at="2023-11-29T17:10:48 EST" duration-ms="15427">
      <class name="com.Level3Framework3.ThreeSeleniumQuestions">
        <test-method is-config="true" signature="testBase()[pri:0, instance:com.Level3Framework3.ThreeSeleniumQuestions@2a265ea9]" started-at="2023-11-29T17:10:33 EST" name="testBase" finished-at="2023-11-29T17:10:36 EST" duration-ms="2770" status="PASS">
          <reporter-output>
          </reporter-output>
        </test-method> <!-- testBase -->
        <test-method signature="navigateToWebsiteVerifyTitle()[pri:1, instance:com.Level3Framework3.ThreeSeleniumQuestions@2a265ea9]" started-at="2023-11-29T17:10:36 EST" name="navigateToWebsiteVerifyTitle" finished-at="2023-11-29T17:10:36 EST" duration-ms="7" status="PASS">
          <reporter-output>
          </reporter-output>
        </test-method> <!-- navigateToWebsiteVerifyTitle -->
        <test-method is-config="true" signature="tearDown()[pri:0, instance:com.Level3Framework3.ThreeSeleniumQuestions@2a265ea9]" started-at="2023-11-29T17:10:36 EST" name="tearDown" finished-at="2023-11-29T17:10:38 EST" duration-ms="2140" status="PASS">
          <reporter-output>
          </reporter-output>
        </test-method> <!-- tearDown -->
        <test-method is-config="true" signature="testBase()[pri:0, instance:com.Level3Framework3.ThreeSeleniumQuestions@2a265ea9]" started-at="2023-11-29T17:10:38 EST" name="testBase" finished-at="2023-11-29T17:10:40 EST" duration-ms="1805" status="PASS">
          <reporter-output>
          </reporter-output>
        </test-method> <!-- testBase -->
        <test-method signature="loginWithValidCredentialsAndVerify()[pri:2, instance:com.Level3Framework3.ThreeSeleniumQuestions@2a265ea9]" started-at="2023-11-29T17:10:40 EST" name="loginWithValidCredentialsAndVerify" finished-at="2023-11-29T17:10:41 EST" duration-ms="1905" status="PASS">
          <reporter-output>
          </reporter-output>
        </test-method> <!-- loginWithValidCredentialsAndVerify -->
        <test-method is-config="true" signature="tearDown()[pri:0, instance:com.Level3Framework3.ThreeSeleniumQuestions@2a265ea9]" started-at="2023-11-29T17:10:41 EST" name="tearDown" finished-at="2023-11-29T17:10:44 EST" duration-ms="2195" status="PASS">
          <reporter-output>
          </reporter-output>
        </test-method> <!-- tearDown -->
        <test-method is-config="true" signature="testBase()[pri:0, instance:com.Level3Framework3.ThreeSeleniumQuestions@2a265ea9]" started-at="2023-11-29T17:10:44 EST" name="testBase" finished-at="2023-11-29T17:10:46 EST" duration-ms="1878" status="PASS">
          <reporter-output>
          </reporter-output>
        </test-method> <!-- testBase -->
        <test-method signature="navigateToWebSiteNavigateToDiffrentPageAndVerify()[pri:3, instance:com.Level3Framework3.ThreeSeleniumQuestions@2a265ea9]" started-at="2023-11-29T17:10:46 EST" name="navigateToWebSiteNavigateToDiffrentPageAndVerify" finished-at="2023-11-29T17:10:46 EST" duration-ms="518" status="PASS">
          <reporter-output>
          </reporter-output>
        </test-method> <!-- navigateToWebSiteNavigateToDiffrentPageAndVerify -->
        <test-method is-config="true" signature="tearDown()[pri:0, instance:com.Level3Framework3.ThreeSeleniumQuestions@2a265ea9]" started-at="2023-11-29T17:10:46 EST" name="tearDown" finished-at="2023-11-29T17:10:48 EST" duration-ms="2181" status="PASS">
          <reporter-output>
          </reporter-output>
        </test-method> <!-- tearDown -->
      </class> <!-- com.Level3Framework3.ThreeSeleniumQuestions -->
    </test> <!-- Default test -->
  </suite> <!-- Default suite -->
</testng-results>
